commit 754de58677626aee3fce6b88be5c8b18445feffe
Author: Jaigeen <9405569@alumnos.ufv.es>
Date:   Mon Dec 30 14:21:24 2024 +0100

    Net file done, CV added instead of linkedin

commit b4abb559e20a53ed9c1b70642b2992f5fc66737a
Author: Jaigeen <9405569@alumnos.ufv.es>
Date:   Mon Dec 30 03:42:15 2024 +0100

    Fundamentals html finished

commit df7514094d9594d34a28b6ddbed56e184792d8d2
Author: Jaigeen <9405569@alumnos.ufv.es>
Date:   Mon Dec 30 02:40:40 2024 +0100

    Degree section finished, all years included

commit 14a9d6298d1bcc51767f255bd2c2a443ae521f67
Author: Jaigeen <9405569@alumnos.ufv.es>
Date:   Sun Dec 29 16:55:18 2024 +0100

    Degree & First Year done

commit 7d79cbb141a4c427f920b545c507b42378ed187c
Author: Jaigeen <9405569@alumnos.ufv.es>
Date:   Sun Dec 29 15:41:30 2024 +0100

    Topic finished

commit 6f9614361272c407d7f091e89a6ea9fab9463812
Author: Jaigeen <9405569@alumnos.ufv.es>
Date:   Sun Dec 29 14:36:16 2024 +0100

    Contact part is finished

commit 655816d614e214c51672cac8529bc3e78d874523
Author: Jaigeen <9405569@alumnos.ufv.es>
Date:   Sun Dec 29 13:03:13 2024 +0100

    About me section finished (docs uploaded)

commit f8a17b6b78f60b065d9cb5016329ab59a8c24bb6
Author: Jaigeen <9405569@alumnos.ufv.es>
Date:   Sun Dec 29 13:02:23 2024 +0100

    About me section finished

commit 4be9b4811ab3034ef0560eac9bdb43c8ccd3067e
Author: Jaigeen <9405569@alumnos.ufv.es>
Date:   Sat Dec 28 18:29:01 2024 +0100

    Index and styles (for it) are done

commit 780cf22b4d2d17222ef38b58715aed7e14744488
Author: Jaigeen <9405569@alumnos.ufv.es>
Date:   Sat Dec 28 18:27:27 2024 +0100

    Index and styles for it are done

commit 14ef54da85b353c5350de2057fb9fb8546e8a317
Author: Jaigeen <9405569@alumnos.ufv.es>
Date:   Sat Dec 28 17:45:42 2024 +0100

    All files created
